2019-05-17 17:09:50 [crawling.spiders.itcast1] WARNING: {'come_from': 'itcast1'}
2019-05-17 17:09:50 [crawling.pipelines] WARNING: ----------
2019-05-17 17:09:50 [crawling.spiders.itcast1] WARNING: {'come_from': 'itcast1'}
2019-05-17 17:09:50 [crawling.pipelines] WARNING: ----------
2019-05-17 17:09:50 [crawling.spiders.itcast1] WARNING: {'come_from': 'itcast1'}
2019-05-17 17:09:50 [crawling.pipelines] WARNING: ----------
2019-05-17 17:09:50 [crawling.spiders.itcast1] WARNING: {'come_from': 'itcast1'}
2019-05-17 17:09:50 [crawling.pipelines] WARNING: ----------
2019-05-17 17:09:50 [crawling.spiders.itcast1] WARNING: {'come_from': 'itcast1'}
2019-05-17 17:09:50 [crawling.pipelines] WARNING: ----------
2019-05-17 17:09:50 [crawling.spiders.itcast1] WARNING: {'come_from': 'itcast1'}
2019-05-17 17:09:50 [crawling.pipelines] WARNING: ----------
2019-05-17 17:09:50 [crawling.spiders.itcast1] WARNING: {'come_from': 'itcast1'}
2019-05-17 17:09:50 [crawling.pipelines] WARNING: ----------
2019-05-17 17:09:50 [crawling.spiders.itcast1] WARNING: {'come_from': 'itcast1'}
2019-05-17 17:09:50 [crawling.pipelines] WARNING: ----------
2019-05-17 17:09:50 [crawling.spiders.itcast1] WARNING: {'come_from': 'itcast1'}
2019-05-17 17:09:50 [crawling.pipelines] WARNING: ----------
2019-05-17 17:09:50 [crawling.spiders.itcast1] WARNING: {'come_from': 'itcast1'}
2019-05-17 17:09:50 [crawling.pipelines] WARNING: ----------
2019-05-21 18:20:34 [crawling.spiders.itcast1] WARNING: {'come_from': 'itcast1'}
2019-05-21 18:20:34 [crawling.pipelines] WARNING: ----------
2019-05-21 18:20:34 [crawling.spiders.itcast1] WARNING: {'come_from': 'itcast1'}
2019-05-21 18:20:34 [crawling.pipelines] WARNING: ----------
2019-05-21 18:20:34 [crawling.spiders.itcast1] WARNING: {'come_from': 'itcast1'}
2019-05-21 18:20:34 [crawling.pipelines] WARNING: ----------
2019-05-21 18:20:34 [crawling.spiders.itcast1] WARNING: {'come_from': 'itcast1'}
2019-05-21 18:20:34 [crawling.pipelines] WARNING: ----------
2019-05-21 18:20:34 [crawling.spiders.itcast1] WARNING: {'come_from': 'itcast1'}
2019-05-21 18:20:34 [crawling.pipelines] WARNING: ----------
2019-05-21 18:20:34 [crawling.spiders.itcast1] WARNING: {'come_from': 'itcast1'}
2019-05-21 18:20:34 [crawling.pipelines] WARNING: ----------
2019-05-21 18:20:34 [crawling.spiders.itcast1] WARNING: {'come_from': 'itcast1'}
2019-05-21 18:20:34 [crawling.pipelines] WARNING: ----------
2019-05-21 18:20:34 [crawling.spiders.itcast1] WARNING: {'come_from': 'itcast1'}
2019-05-21 18:20:34 [crawling.pipelines] WARNING: ----------
2019-05-21 18:20:34 [crawling.spiders.itcast1] WARNING: {'come_from': 'itcast1'}
2019-05-21 18:20:34 [crawling.pipelines] WARNING: ----------
2019-05-21 18:20:34 [crawling.spiders.itcast1] WARNING: {'come_from': 'itcast1'}
2019-05-21 18:20:34 [crawling.pipelines] WARNING: ----------
2019-05-21 18:21:30 [crawling.spiders.itcast1] WARNING: {'come_from': 'itcast1'}
2019-05-21 18:21:30 [crawling.pipelines] WARNING: ----------
2019-05-21 18:21:30 [crawling.spiders.itcast1] WARNING: {'come_from': 'itcast1'}
2019-05-21 18:21:30 [crawling.pipelines] WARNING: ----------
2019-05-21 18:21:30 [crawling.spiders.itcast1] WARNING: {'come_from': 'itcast1'}
2019-05-21 18:21:30 [crawling.pipelines] WARNING: ----------
2019-05-21 18:21:30 [crawling.spiders.itcast1] WARNING: {'come_from': 'itcast1'}
2019-05-21 18:21:30 [crawling.pipelines] WARNING: ----------
2019-05-21 18:21:30 [crawling.spiders.itcast1] WARNING: {'come_from': 'itcast1'}
2019-05-21 18:21:30 [crawling.pipelines] WARNING: ----------
2019-05-21 18:21:30 [crawling.spiders.itcast1] WARNING: {'come_from': 'itcast1'}
2019-05-21 18:21:30 [crawling.pipelines] WARNING: ----------
2019-05-21 18:21:30 [crawling.spiders.itcast1] WARNING: {'come_from': 'itcast1'}
2019-05-21 18:21:30 [crawling.pipelines] WARNING: ----------
2019-05-21 18:21:30 [crawling.spiders.itcast1] WARNING: {'come_from': 'itcast1'}
2019-05-21 18:21:30 [crawling.pipelines] WARNING: ----------
2019-05-21 18:21:30 [crawling.spiders.itcast1] WARNING: {'come_from': 'itcast1'}
2019-05-21 18:21:30 [crawling.pipelines] WARNING: ----------
2019-05-21 18:21:30 [crawling.spiders.itcast1] WARNING: {'come_from': 'itcast1'}
2019-05-21 18:21:30 [crawling.pipelines] WARNING: ----------
2019-05-27 17:57:57 [py.warnings] WARNING: d:\code\python3\lib\site-packages\scrapy\spidermiddlewares\offsite.py:61: URLWarning: allowed_domains accepts only domains, not URLs. Ignoring URL entry http://222.90.83.241 in allowed_domains.
  warnings.warn(message, URLWarning)

2019-05-27 17:58:58 [py.warnings] WARNING: d:\code\python3\lib\site-packages\scrapy\spidermiddlewares\offsite.py:61: URLWarning: allowed_domains accepts only domains, not URLs. Ignoring URL entry http://222.90.83.241 in allowed_domains.
  warnings.warn(message, URLWarning)

2019-05-27 18:00:51 [py.warnings] WARNING: d:\code\python3\lib\site-packages\scrapy\spidermiddlewares\offsite.py:61: URLWarning: allowed_domains accepts only domains, not URLs. Ignoring URL entry http://222.90.83.241 in allowed_domains.
  warnings.warn(message, URLWarning)

2019-05-27 18:04:16 [py.warnings] WARNING: d:\code\python3\lib\site-packages\scrapy\spidermiddlewares\offsite.py:61: URLWarning: allowed_domains accepts only domains, not URLs. Ignoring URL entry http://222.90.83.241 in allowed_domains.
  warnings.warn(message, URLWarning)

2019-05-27 18:05:19 [twisted] CRITICAL: Unhandled error in Deferred:
2019-05-27 18:05:19 [twisted] CRITICAL: 
Traceback (most recent call last):
  File "d:\code\python3\lib\site-packages\twisted\internet\defer.py", line 1418, in _inlineCallbacks
    result = g.send(result)
  File "d:\code\python3\lib\site-packages\scrapy\crawler.py", line 80, in crawl
    self.engine = self._create_engine()
  File "d:\code\python3\lib\site-packages\scrapy\crawler.py", line 105, in _create_engine
    return ExecutionEngine(self, lambda _: self.stop())
  File "d:\code\python3\lib\site-packages\scrapy\core\engine.py", line 70, in __init__
    self.scraper = Scraper(crawler)
  File "d:\code\python3\lib\site-packages\scrapy\core\scraper.py", line 71, in __init__
    self.itemproc = itemproc_cls.from_crawler(crawler)
  File "d:\code\python3\lib\site-packages\scrapy\middleware.py", line 53, in from_crawler
    return cls.from_settings(crawler.settings, crawler)
  File "d:\code\python3\lib\site-packages\scrapy\middleware.py", line 34, in from_settings
    mwcls = load_object(clspath)
  File "d:\code\python3\lib\site-packages\scrapy\utils\misc.py", line 44, in load_object
    mod = import_module(module)
  File "d:\code\python3\lib\importlib\__init__.py", line 127, in import_module
    return _bootstrap._gcd_import(name[level:], package, level)
  File "<frozen importlib._bootstrap>", line 1006, in _gcd_import
  File "<frozen importlib._bootstrap>", line 983, in _find_and_load
  File "<frozen importlib._bootstrap>", line 965, in _find_and_load_unlocked
ModuleNotFoundError: No module named 'crawling.piplines'
2019-05-27 18:05:33 [py.warnings] WARNING: d:\code\python3\lib\site-packages\scrapy\spidermiddlewares\offsite.py:61: URLWarning: allowed_domains accepts only domains, not URLs. Ignoring URL entry http://222.90.83.241 in allowed_domains.
  warnings.warn(message, URLWarning)

2019-05-27 18:06:00 [py.warnings] WARNING: d:\code\python3\lib\site-packages\scrapy\spidermiddlewares\offsite.py:61: URLWarning: allowed_domains accepts only domains, not URLs. Ignoring URL entry http://222.90.83.241 in allowed_domains.
  warnings.warn(message, URLWarning)

2019-05-27 18:09:49 [scrapy.core.scraper] ERROR: Spider must return Request, BaseItem, dict or None, got 'Selector' in <GET http://www.itcast.cn/channel/teacher.shtml>
2019-05-27 18:09:49 [scrapy.core.scraper] ERROR: Spider must return Request, BaseItem, dict or None, got 'Selector' in <GET http://www.itcast.cn/channel/teacher.shtml>
2019-05-27 18:09:49 [scrapy.core.scraper] ERROR: Spider must return Request, BaseItem, dict or None, got 'Selector' in <GET http://www.itcast.cn/channel/teacher.shtml>
2019-05-27 18:09:49 [scrapy.core.scraper] ERROR: Spider must return Request, BaseItem, dict or None, got 'Selector' in <GET http://www.itcast.cn/channel/teacher.shtml>
2019-05-27 18:09:49 [scrapy.core.scraper] ERROR: Spider must return Request, BaseItem, dict or None, got 'Selector' in <GET http://www.itcast.cn/channel/teacher.shtml>
2019-05-27 18:09:49 [scrapy.core.scraper] ERROR: Spider must return Request, BaseItem, dict or None, got 'Selector' in <GET http://www.itcast.cn/channel/teacher.shtml>
2019-05-27 18:09:49 [scrapy.core.scraper] ERROR: Spider must return Request, BaseItem, dict or None, got 'Selector' in <GET http://www.itcast.cn/channel/teacher.shtml>
2019-05-27 18:09:49 [scrapy.core.scraper] ERROR: Spider must return Request, BaseItem, dict or None, got 'Selector' in <GET http://www.itcast.cn/channel/teacher.shtml>
2019-05-27 18:09:49 [scrapy.core.scraper] ERROR: Spider must return Request, BaseItem, dict or None, got 'Selector' in <GET http://www.itcast.cn/channel/teacher.shtml>
2019-05-27 18:09:49 [scrapy.core.scraper] ERROR: Spider must return Request, BaseItem, dict or None, got 'Selector' in <GET http://www.itcast.cn/channel/teacher.shtml>
2019-05-27 18:09:49 [scrapy.core.scraper] ERROR: Spider must return Request, BaseItem, dict or None, got 'Selector' in <GET http://www.itcast.cn/channel/teacher.shtml>
2019-05-27 18:09:49 [scrapy.core.scraper] ERROR: Spider must return Request, BaseItem, dict or None, got 'Selector' in <GET http://www.itcast.cn/channel/teacher.shtml>
2019-05-27 18:09:49 [scrapy.core.scraper] ERROR: Spider must return Request, BaseItem, dict or None, got 'Selector' in <GET http://www.itcast.cn/channel/teacher.shtml>
2019-05-27 18:09:49 [scrapy.core.scraper] ERROR: Spider must return Request, BaseItem, dict or None, got 'Selector' in <GET http://www.itcast.cn/channel/teacher.shtml>
2019-05-27 18:09:49 [scrapy.core.scraper] ERROR: Spider must return Request, BaseItem, dict or None, got 'Selector' in <GET http://www.itcast.cn/channel/teacher.shtml>
2019-05-27 18:09:49 [scrapy.core.scraper] ERROR: Spider must return Request, BaseItem, dict or None, got 'Selector' in <GET http://www.itcast.cn/channel/teacher.shtml>
2019-05-27 18:09:49 [scrapy.core.scraper] ERROR: Spider must return Request, BaseItem, dict or None, got 'Selector' in <GET http://www.itcast.cn/channel/teacher.shtml>
2019-05-27 18:09:49 [scrapy.core.scraper] ERROR: Spider must return Request, BaseItem, dict or None, got 'Selector' in <GET http://www.itcast.cn/channel/teacher.shtml>
2019-05-27 18:09:49 [scrapy.core.scraper] ERROR: Spider must return Request, BaseItem, dict or None, got 'Selector' in <GET http://www.itcast.cn/channel/teacher.shtml>
2019-05-27 18:09:49 [scrapy.core.scraper] ERROR: Spider must return Request, BaseItem, dict or None, got 'Selector' in <GET http://www.itcast.cn/channel/teacher.shtml>
2019-05-27 18:09:49 [scrapy.core.scraper] ERROR: Spider must return Request, BaseItem, dict or None, got 'Selector' in <GET http://www.itcast.cn/channel/teacher.shtml>
2019-05-27 18:09:49 [scrapy.core.scraper] ERROR: Spider must return Request, BaseItem, dict or None, got 'Selector' in <GET http://www.itcast.cn/channel/teacher.shtml>
2019-05-27 18:09:49 [scrapy.core.scraper] ERROR: Spider must return Request, BaseItem, dict or None, got 'Selector' in <GET http://www.itcast.cn/channel/teacher.shtml>
2019-05-27 18:09:49 [scrapy.core.scraper] ERROR: Spider must return Request, BaseItem, dict or None, got 'Selector' in <GET http://www.itcast.cn/channel/teacher.shtml>
2019-05-27 18:09:49 [scrapy.core.scraper] ERROR: Spider must return Request, BaseItem, dict or None, got 'Selector' in <GET http://www.itcast.cn/channel/teacher.shtml>
2019-05-27 18:09:49 [scrapy.core.scraper] ERROR: Spider must return Request, BaseItem, dict or None, got 'Selector' in <GET http://www.itcast.cn/channel/teacher.shtml>
2019-05-27 18:09:49 [scrapy.core.scraper] ERROR: Spider must return Request, BaseItem, dict or None, got 'Selector' in <GET http://www.itcast.cn/channel/teacher.shtml>
2019-05-27 18:09:49 [scrapy.core.scraper] ERROR: Spider must return Request, BaseItem, dict or None, got 'Selector' in <GET http://www.itcast.cn/channel/teacher.shtml>
2019-05-27 18:09:49 [scrapy.core.scraper] ERROR: Spider must return Request, BaseItem, dict or None, got 'Selector' in <GET http://www.itcast.cn/channel/teacher.shtml>
2019-05-27 18:09:49 [scrapy.core.scraper] ERROR: Spider must return Request, BaseItem, dict or None, got 'Selector' in <GET http://www.itcast.cn/channel/teacher.shtml>
2019-05-27 18:09:49 [scrapy.core.scraper] ERROR: Spider must return Request, BaseItem, dict or None, got 'Selector' in <GET http://www.itcast.cn/channel/teacher.shtml>
2019-05-27 18:09:49 [scrapy.core.scraper] ERROR: Spider must return Request, BaseItem, dict or None, got 'Selector' in <GET http://www.itcast.cn/channel/teacher.shtml>
2019-05-27 18:09:49 [scrapy.core.scraper] ERROR: Spider must return Request, BaseItem, dict or None, got 'Selector' in <GET http://www.itcast.cn/channel/teacher.shtml>
2019-05-27 18:09:49 [scrapy.core.scraper] ERROR: Spider must return Request, BaseItem, dict or None, got 'Selector' in <GET http://www.itcast.cn/channel/teacher.shtml>
2019-05-27 18:09:49 [scrapy.core.scraper] ERROR: Spider must return Request, BaseItem, dict or None, got 'Selector' in <GET http://www.itcast.cn/channel/teacher.shtml>
2019-05-27 18:09:49 [scrapy.core.scraper] ERROR: Spider must return Request, BaseItem, dict or None, got 'Selector' in <GET http://www.itcast.cn/channel/teacher.shtml>
2019-05-27 18:09:49 [scrapy.core.scraper] ERROR: Spider must return Request, BaseItem, dict or None, got 'Selector' in <GET http://www.itcast.cn/channel/teacher.shtml>
2019-05-27 18:09:49 [scrapy.core.scraper] ERROR: Spider must return Request, BaseItem, dict or None, got 'Selector' in <GET http://www.itcast.cn/channel/teacher.shtml>
2019-05-27 18:09:49 [scrapy.core.scraper] ERROR: Spider must return Request, BaseItem, dict or None, got 'Selector' in <GET http://www.itcast.cn/channel/teacher.shtml>
2019-05-27 18:09:49 [scrapy.core.scraper] ERROR: Spider must return Request, BaseItem, dict or None, got 'Selector' in <GET http://www.itcast.cn/channel/teacher.shtml>
2019-05-27 18:09:49 [scrapy.core.scraper] ERROR: Spider must return Request, BaseItem, dict or None, got 'Selector' in <GET http://www.itcast.cn/channel/teacher.shtml>
2019-05-27 18:09:49 [scrapy.core.scraper] ERROR: Spider must return Request, BaseItem, dict or None, got 'Selector' in <GET http://www.itcast.cn/channel/teacher.shtml>
2019-05-27 18:09:49 [scrapy.core.scraper] ERROR: Spider must return Request, BaseItem, dict or None, got 'Selector' in <GET http://www.itcast.cn/channel/teacher.shtml>
2019-05-27 18:09:49 [scrapy.core.scraper] ERROR: Spider must return Request, BaseItem, dict or None, got 'Selector' in <GET http://www.itcast.cn/channel/teacher.shtml>
2019-05-27 18:09:49 [scrapy.core.scraper] ERROR: Spider must return Request, BaseItem, dict or None, got 'Selector' in <GET http://www.itcast.cn/channel/teacher.shtml>
2019-05-27 18:09:49 [scrapy.core.scraper] ERROR: Spider must return Request, BaseItem, dict or None, got 'Selector' in <GET http://www.itcast.cn/channel/teacher.shtml>
2019-05-27 18:09:49 [scrapy.core.scraper] ERROR: Spider must return Request, BaseItem, dict or None, got 'Selector' in <GET http://www.itcast.cn/channel/teacher.shtml>
2019-05-27 18:09:49 [scrapy.core.scraper] ERROR: Spider must return Request, BaseItem, dict or None, got 'Selector' in <GET http://www.itcast.cn/channel/teacher.shtml>
2019-05-27 18:09:49 [scrapy.core.scraper] ERROR: Spider must return Request, BaseItem, dict or None, got 'Selector' in <GET http://www.itcast.cn/channel/teacher.shtml>
2019-05-27 18:09:49 [scrapy.core.scraper] ERROR: Spider must return Request, BaseItem, dict or None, got 'Selector' in <GET http://www.itcast.cn/channel/teacher.shtml>
2019-05-27 18:09:49 [scrapy.core.scraper] ERROR: Spider must return Request, BaseItem, dict or None, got 'Selector' in <GET http://www.itcast.cn/channel/teacher.shtml>
2019-05-27 18:09:49 [scrapy.core.scraper] ERROR: Spider must return Request, BaseItem, dict or None, got 'Selector' in <GET http://www.itcast.cn/channel/teacher.shtml>
2019-05-27 18:09:49 [scrapy.core.scraper] ERROR: Spider must return Request, BaseItem, dict or None, got 'Selector' in <GET http://www.itcast.cn/channel/teacher.shtml>
2019-05-27 18:09:49 [scrapy.core.scraper] ERROR: Spider must return Request, BaseItem, dict or None, got 'Selector' in <GET http://www.itcast.cn/channel/teacher.shtml>
2019-05-27 18:09:49 [scrapy.core.scraper] ERROR: Spider must return Request, BaseItem, dict or None, got 'Selector' in <GET http://www.itcast.cn/channel/teacher.shtml>
2019-05-27 18:09:49 [scrapy.core.scraper] ERROR: Spider must return Request, BaseItem, dict or None, got 'Selector' in <GET http://www.itcast.cn/channel/teacher.shtml>
2019-05-27 18:09:49 [scrapy.core.scraper] ERROR: Spider must return Request, BaseItem, dict or None, got 'Selector' in <GET http://www.itcast.cn/channel/teacher.shtml>
2019-05-27 18:09:49 [scrapy.core.scraper] ERROR: Spider must return Request, BaseItem, dict or None, got 'Selector' in <GET http://www.itcast.cn/channel/teacher.shtml>
2019-05-27 18:09:49 [scrapy.core.scraper] ERROR: Spider must return Request, BaseItem, dict or None, got 'Selector' in <GET http://www.itcast.cn/channel/teacher.shtml>
2019-05-27 18:09:49 [scrapy.core.scraper] ERROR: Spider must return Request, BaseItem, dict or None, got 'Selector' in <GET http://www.itcast.cn/channel/teacher.shtml>
2019-05-27 18:09:49 [scrapy.core.scraper] ERROR: Spider must return Request, BaseItem, dict or None, got 'Selector' in <GET http://www.itcast.cn/channel/teacher.shtml>
2019-05-27 18:09:49 [scrapy.core.scraper] ERROR: Spider must return Request, BaseItem, dict or None, got 'Selector' in <GET http://www.itcast.cn/channel/teacher.shtml>
2019-05-27 18:09:49 [scrapy.core.scraper] ERROR: Spider must return Request, BaseItem, dict or None, got 'Selector' in <GET http://www.itcast.cn/channel/teacher.shtml>
2019-05-27 18:09:49 [scrapy.core.scraper] ERROR: Spider must return Request, BaseItem, dict or None, got 'Selector' in <GET http://www.itcast.cn/channel/teacher.shtml>
2019-05-27 18:09:49 [scrapy.core.scraper] ERROR: Spider must return Request, BaseItem, dict or None, got 'Selector' in <GET http://www.itcast.cn/channel/teacher.shtml>
2019-05-27 18:09:49 [scrapy.core.scraper] ERROR: Spider must return Request, BaseItem, dict or None, got 'Selector' in <GET http://www.itcast.cn/channel/teacher.shtml>
2019-05-27 18:09:49 [scrapy.core.scraper] ERROR: Spider must return Request, BaseItem, dict or None, got 'Selector' in <GET http://www.itcast.cn/channel/teacher.shtml>
2019-05-27 18:09:49 [scrapy.core.scraper] ERROR: Spider must return Request, BaseItem, dict or None, got 'Selector' in <GET http://www.itcast.cn/channel/teacher.shtml>
2019-05-27 18:09:49 [scrapy.core.scraper] ERROR: Spider must return Request, BaseItem, dict or None, got 'Selector' in <GET http://www.itcast.cn/channel/teacher.shtml>
2019-05-27 18:09:49 [scrapy.core.scraper] ERROR: Spider must return Request, BaseItem, dict or None, got 'Selector' in <GET http://www.itcast.cn/channel/teacher.shtml>
2019-05-27 18:09:49 [scrapy.core.scraper] ERROR: Spider must return Request, BaseItem, dict or None, got 'Selector' in <GET http://www.itcast.cn/channel/teacher.shtml>
2019-05-27 18:09:49 [scrapy.core.scraper] ERROR: Spider must return Request, BaseItem, dict or None, got 'Selector' in <GET http://www.itcast.cn/channel/teacher.shtml>
2019-05-27 18:09:49 [scrapy.core.scraper] ERROR: Spider must return Request, BaseItem, dict or None, got 'Selector' in <GET http://www.itcast.cn/channel/teacher.shtml>
2019-05-27 18:09:49 [scrapy.core.scraper] ERROR: Spider must return Request, BaseItem, dict or None, got 'Selector' in <GET http://www.itcast.cn/channel/teacher.shtml>
2019-05-27 18:09:49 [scrapy.core.scraper] ERROR: Spider must return Request, BaseItem, dict or None, got 'Selector' in <GET http://www.itcast.cn/channel/teacher.shtml>
2019-05-27 18:09:49 [scrapy.core.scraper] ERROR: Spider must return Request, BaseItem, dict or None, got 'Selector' in <GET http://www.itcast.cn/channel/teacher.shtml>
2019-05-27 18:09:49 [scrapy.core.scraper] ERROR: Spider must return Request, BaseItem, dict or None, got 'Selector' in <GET http://www.itcast.cn/channel/teacher.shtml>
2019-05-27 18:09:49 [scrapy.core.scraper] ERROR: Spider must return Request, BaseItem, dict or None, got 'Selector' in <GET http://www.itcast.cn/channel/teacher.shtml>
2019-05-27 18:09:49 [scrapy.core.scraper] ERROR: Spider must return Request, BaseItem, dict or None, got 'Selector' in <GET http://www.itcast.cn/channel/teacher.shtml>
2019-05-27 18:09:49 [scrapy.core.scraper] ERROR: Spider must return Request, BaseItem, dict or None, got 'Selector' in <GET http://www.itcast.cn/channel/teacher.shtml>
2019-05-27 18:09:49 [scrapy.core.scraper] ERROR: Spider must return Request, BaseItem, dict or None, got 'Selector' in <GET http://www.itcast.cn/channel/teacher.shtml>
2019-05-27 18:09:49 [scrapy.core.scraper] ERROR: Spider must return Request, BaseItem, dict or None, got 'Selector' in <GET http://www.itcast.cn/channel/teacher.shtml>
2019-05-27 18:09:49 [scrapy.core.scraper] ERROR: Spider must return Request, BaseItem, dict or None, got 'Selector' in <GET http://www.itcast.cn/channel/teacher.shtml>
2019-05-27 18:09:49 [scrapy.core.scraper] ERROR: Spider must return Request, BaseItem, dict or None, got 'Selector' in <GET http://www.itcast.cn/channel/teacher.shtml>
2019-05-27 18:09:49 [scrapy.core.scraper] ERROR: Spider must return Request, BaseItem, dict or None, got 'Selector' in <GET http://www.itcast.cn/channel/teacher.shtml>
2019-05-27 18:09:49 [scrapy.core.scraper] ERROR: Spider must return Request, BaseItem, dict or None, got 'Selector' in <GET http://www.itcast.cn/channel/teacher.shtml>
2019-05-27 18:09:49 [scrapy.core.scraper] ERROR: Spider must return Request, BaseItem, dict or None, got 'Selector' in <GET http://www.itcast.cn/channel/teacher.shtml>
2019-05-27 18:09:49 [scrapy.core.scraper] ERROR: Spider must return Request, BaseItem, dict or None, got 'Selector' in <GET http://www.itcast.cn/channel/teacher.shtml>
2019-05-27 18:09:49 [scrapy.core.scraper] ERROR: Spider must return Request, BaseItem, dict or None, got 'Selector' in <GET http://www.itcast.cn/channel/teacher.shtml>
2019-05-27 18:09:49 [scrapy.core.scraper] ERROR: Spider must return Request, BaseItem, dict or None, got 'Selector' in <GET http://www.itcast.cn/channel/teacher.shtml>
2019-05-27 18:09:49 [scrapy.core.scraper] ERROR: Spider must return Request, BaseItem, dict or None, got 'Selector' in <GET http://www.itcast.cn/channel/teacher.shtml>
2019-05-27 18:09:49 [scrapy.core.scraper] ERROR: Spider must return Request, BaseItem, dict or None, got 'Selector' in <GET http://www.itcast.cn/channel/teacher.shtml>
2019-05-27 18:09:49 [scrapy.core.scraper] ERROR: Spider must return Request, BaseItem, dict or None, got 'Selector' in <GET http://www.itcast.cn/channel/teacher.shtml>
2019-05-27 18:09:49 [scrapy.core.scraper] ERROR: Spider must return Request, BaseItem, dict or None, got 'Selector' in <GET http://www.itcast.cn/channel/teacher.shtml>
2019-05-27 18:09:49 [scrapy.core.scraper] ERROR: Spider must return Request, BaseItem, dict or None, got 'Selector' in <GET http://www.itcast.cn/channel/teacher.shtml>
2019-05-27 18:09:49 [scrapy.core.scraper] ERROR: Spider must return Request, BaseItem, dict or None, got 'Selector' in <GET http://www.itcast.cn/channel/teacher.shtml>
2019-05-27 18:09:49 [scrapy.core.scraper] ERROR: Spider must return Request, BaseItem, dict or None, got 'Selector' in <GET http://www.itcast.cn/channel/teacher.shtml>
2019-05-27 18:09:49 [scrapy.core.scraper] ERROR: Spider must return Request, BaseItem, dict or None, got 'Selector' in <GET http://www.itcast.cn/channel/teacher.shtml>
2019-05-27 18:09:49 [scrapy.core.scraper] ERROR: Spider must return Request, BaseItem, dict or None, got 'Selector' in <GET http://www.itcast.cn/channel/teacher.shtml>
2019-05-27 18:09:49 [scrapy.core.scraper] ERROR: Spider must return Request, BaseItem, dict or None, got 'Selector' in <GET http://www.itcast.cn/channel/teacher.shtml>
2019-05-27 18:09:49 [scrapy.core.scraper] ERROR: Spider must return Request, BaseItem, dict or None, got 'Selector' in <GET http://www.itcast.cn/channel/teacher.shtml>
2019-05-27 18:09:49 [scrapy.core.scraper] ERROR: Spider must return Request, BaseItem, dict or None, got 'Selector' in <GET http://www.itcast.cn/channel/teacher.shtml>
2019-05-27 18:09:49 [scrapy.core.scraper] ERROR: Spider must return Request, BaseItem, dict or None, got 'Selector' in <GET http://www.itcast.cn/channel/teacher.shtml>
2019-05-27 18:09:49 [scrapy.core.scraper] ERROR: Spider must return Request, BaseItem, dict or None, got 'Selector' in <GET http://www.itcast.cn/channel/teacher.shtml>
2019-05-27 18:09:49 [scrapy.core.scraper] ERROR: Spider must return Request, BaseItem, dict or None, got 'Selector' in <GET http://www.itcast.cn/channel/teacher.shtml>
2019-05-27 18:09:49 [scrapy.core.scraper] ERROR: Spider must return Request, BaseItem, dict or None, got 'Selector' in <GET http://www.itcast.cn/channel/teacher.shtml>
2019-05-27 18:09:49 [scrapy.core.scraper] ERROR: Spider must return Request, BaseItem, dict or None, got 'Selector' in <GET http://www.itcast.cn/channel/teacher.shtml>
2019-05-27 18:09:49 [scrapy.core.scraper] ERROR: Spider must return Request, BaseItem, dict or None, got 'Selector' in <GET http://www.itcast.cn/channel/teacher.shtml>
2019-05-27 18:09:49 [scrapy.core.scraper] ERROR: Spider must return Request, BaseItem, dict or None, got 'Selector' in <GET http://www.itcast.cn/channel/teacher.shtml>
2019-05-27 18:09:49 [scrapy.core.scraper] ERROR: Spider must return Request, BaseItem, dict or None, got 'Selector' in <GET http://www.itcast.cn/channel/teacher.shtml>
2019-05-27 18:09:49 [scrapy.core.scraper] ERROR: Spider must return Request, BaseItem, dict or None, got 'Selector' in <GET http://www.itcast.cn/channel/teacher.shtml>
2019-05-27 18:09:49 [scrapy.core.scraper] ERROR: Spider must return Request, BaseItem, dict or None, got 'Selector' in <GET http://www.itcast.cn/channel/teacher.shtml>
2019-05-27 18:09:49 [scrapy.core.scraper] ERROR: Spider must return Request, BaseItem, dict or None, got 'Selector' in <GET http://www.itcast.cn/channel/teacher.shtml>
2019-05-27 18:09:49 [scrapy.core.scraper] ERROR: Spider must return Request, BaseItem, dict or None, got 'Selector' in <GET http://www.itcast.cn/channel/teacher.shtml>
2019-05-27 18:09:49 [scrapy.core.scraper] ERROR: Spider must return Request, BaseItem, dict or None, got 'Selector' in <GET http://www.itcast.cn/channel/teacher.shtml>
2019-05-27 18:09:49 [scrapy.core.scraper] ERROR: Spider must return Request, BaseItem, dict or None, got 'Selector' in <GET http://www.itcast.cn/channel/teacher.shtml>
2019-05-27 18:09:49 [scrapy.core.scraper] ERROR: Spider must return Request, BaseItem, dict or None, got 'Selector' in <GET http://www.itcast.cn/channel/teacher.shtml>
2019-05-27 18:09:49 [scrapy.core.scraper] ERROR: Spider must return Request, BaseItem, dict or None, got 'Selector' in <GET http://www.itcast.cn/channel/teacher.shtml>
2019-05-27 18:09:49 [scrapy.core.scraper] ERROR: Spider must return Request, BaseItem, dict or None, got 'Selector' in <GET http://www.itcast.cn/channel/teacher.shtml>
2019-05-27 18:09:49 [scrapy.core.scraper] ERROR: Spider must return Request, BaseItem, dict or None, got 'Selector' in <GET http://www.itcast.cn/channel/teacher.shtml>
2019-05-27 18:09:49 [scrapy.core.scraper] ERROR: Spider must return Request, BaseItem, dict or None, got 'Selector' in <GET http://www.itcast.cn/channel/teacher.shtml>
2019-05-27 18:09:49 [scrapy.core.scraper] ERROR: Spider must return Request, BaseItem, dict or None, got 'Selector' in <GET http://www.itcast.cn/channel/teacher.shtml>
2019-05-27 18:09:49 [scrapy.core.scraper] ERROR: Spider must return Request, BaseItem, dict or None, got 'Selector' in <GET http://www.itcast.cn/channel/teacher.shtml>
2019-05-27 18:09:49 [scrapy.core.scraper] ERROR: Spider must return Request, BaseItem, dict or None, got 'Selector' in <GET http://www.itcast.cn/channel/teacher.shtml>
2019-05-27 18:09:49 [scrapy.core.scraper] ERROR: Spider must return Request, BaseItem, dict or None, got 'Selector' in <GET http://www.itcast.cn/channel/teacher.shtml>
2019-05-27 18:09:49 [scrapy.core.scraper] ERROR: Spider must return Request, BaseItem, dict or None, got 'Selector' in <GET http://www.itcast.cn/channel/teacher.shtml>
2019-05-27 18:09:49 [scrapy.core.scraper] ERROR: Spider must return Request, BaseItem, dict or None, got 'Selector' in <GET http://www.itcast.cn/channel/teacher.shtml>
2019-05-27 18:09:49 [scrapy.core.scraper] ERROR: Spider must return Request, BaseItem, dict or None, got 'Selector' in <GET http://www.itcast.cn/channel/teacher.shtml>
2019-05-27 18:09:49 [scrapy.core.scraper] ERROR: Spider must return Request, BaseItem, dict or None, got 'Selector' in <GET http://www.itcast.cn/channel/teacher.shtml>
2019-05-27 18:09:49 [scrapy.core.scraper] ERROR: Spider must return Request, BaseItem, dict or None, got 'Selector' in <GET http://www.itcast.cn/channel/teacher.shtml>
2019-05-27 18:09:49 [scrapy.core.scraper] ERROR: Spider must return Request, BaseItem, dict or None, got 'Selector' in <GET http://www.itcast.cn/channel/teacher.shtml>
2019-05-27 18:09:49 [scrapy.core.scraper] ERROR: Spider must return Request, BaseItem, dict or None, got 'Selector' in <GET http://www.itcast.cn/channel/teacher.shtml>
2019-05-27 18:09:49 [scrapy.core.scraper] ERROR: Spider must return Request, BaseItem, dict or None, got 'Selector' in <GET http://www.itcast.cn/channel/teacher.shtml>
2019-05-27 18:09:49 [scrapy.core.scraper] ERROR: Spider must return Request, BaseItem, dict or None, got 'Selector' in <GET http://www.itcast.cn/channel/teacher.shtml>
2019-05-27 18:09:49 [scrapy.core.scraper] ERROR: Spider must return Request, BaseItem, dict or None, got 'Selector' in <GET http://www.itcast.cn/channel/teacher.shtml>
2019-05-27 18:09:49 [scrapy.core.scraper] ERROR: Spider must return Request, BaseItem, dict or None, got 'Selector' in <GET http://www.itcast.cn/channel/teacher.shtml>
2019-05-27 18:09:49 [scrapy.core.scraper] ERROR: Spider must return Request, BaseItem, dict or None, got 'Selector' in <GET http://www.itcast.cn/channel/teacher.shtml>
2019-05-27 18:09:49 [scrapy.core.scraper] ERROR: Spider must return Request, BaseItem, dict or None, got 'Selector' in <GET http://www.itcast.cn/channel/teacher.shtml>
2019-05-27 18:09:49 [scrapy.core.scraper] ERROR: Spider must return Request, BaseItem, dict or None, got 'Selector' in <GET http://www.itcast.cn/channel/teacher.shtml>
2019-05-27 18:09:49 [scrapy.core.scraper] ERROR: Spider must return Request, BaseItem, dict or None, got 'Selector' in <GET http://www.itcast.cn/channel/teacher.shtml>
2019-05-27 18:09:49 [scrapy.core.scraper] ERROR: Spider must return Request, BaseItem, dict or None, got 'Selector' in <GET http://www.itcast.cn/channel/teacher.shtml>
2019-05-27 18:09:49 [scrapy.core.scraper] ERROR: Spider must return Request, BaseItem, dict or None, got 'Selector' in <GET http://www.itcast.cn/channel/teacher.shtml>
2019-05-27 18:09:49 [scrapy.core.scraper] ERROR: Spider must return Request, BaseItem, dict or None, got 'Selector' in <GET http://www.itcast.cn/channel/teacher.shtml>
2019-05-27 18:09:49 [scrapy.core.scraper] ERROR: Spider must return Request, BaseItem, dict or None, got 'Selector' in <GET http://www.itcast.cn/channel/teacher.shtml>
2019-05-27 18:09:49 [scrapy.core.scraper] ERROR: Spider must return Request, BaseItem, dict or None, got 'Selector' in <GET http://www.itcast.cn/channel/teacher.shtml>
2019-05-27 18:09:49 [scrapy.core.scraper] ERROR: Spider must return Request, BaseItem, dict or None, got 'Selector' in <GET http://www.itcast.cn/channel/teacher.shtml>
2019-05-27 18:09:49 [scrapy.core.scraper] ERROR: Spider must return Request, BaseItem, dict or None, got 'Selector' in <GET http://www.itcast.cn/channel/teacher.shtml>
2019-05-27 18:09:49 [scrapy.core.scraper] ERROR: Spider must return Request, BaseItem, dict or None, got 'Selector' in <GET http://www.itcast.cn/channel/teacher.shtml>
2019-05-27 18:09:49 [scrapy.core.scraper] ERROR: Spider must return Request, BaseItem, dict or None, got 'Selector' in <GET http://www.itcast.cn/channel/teacher.shtml>
2019-05-27 18:09:49 [scrapy.core.scraper] ERROR: Spider must return Request, BaseItem, dict or None, got 'Selector' in <GET http://www.itcast.cn/channel/teacher.shtml>
2019-05-27 18:09:49 [scrapy.core.scraper] ERROR: Spider must return Request, BaseItem, dict or None, got 'Selector' in <GET http://www.itcast.cn/channel/teacher.shtml>
2019-05-27 18:09:49 [scrapy.core.scraper] ERROR: Spider must return Request, BaseItem, dict or None, got 'Selector' in <GET http://www.itcast.cn/channel/teacher.shtml>
2019-05-27 18:09:49 [scrapy.core.scraper] ERROR: Spider must return Request, BaseItem, dict or None, got 'Selector' in <GET http://www.itcast.cn/channel/teacher.shtml>
2019-05-27 18:09:49 [scrapy.core.scraper] ERROR: Spider must return Request, BaseItem, dict or None, got 'Selector' in <GET http://www.itcast.cn/channel/teacher.shtml>
2019-05-27 18:09:49 [scrapy.core.scraper] ERROR: Spider must return Request, BaseItem, dict or None, got 'Selector' in <GET http://www.itcast.cn/channel/teacher.shtml>
2019-05-27 18:09:49 [scrapy.core.scraper] ERROR: Spider must return Request, BaseItem, dict or None, got 'Selector' in <GET http://www.itcast.cn/channel/teacher.shtml>
2019-05-27 18:09:49 [scrapy.core.scraper] ERROR: Spider must return Request, BaseItem, dict or None, got 'Selector' in <GET http://www.itcast.cn/channel/teacher.shtml>
2019-05-27 18:09:49 [scrapy.core.scraper] ERROR: Spider must return Request, BaseItem, dict or None, got 'Selector' in <GET http://www.itcast.cn/channel/teacher.shtml>
2019-05-27 18:09:49 [scrapy.core.scraper] ERROR: Spider must return Request, BaseItem, dict or None, got 'Selector' in <GET http://www.itcast.cn/channel/teacher.shtml>
2019-05-27 18:09:49 [scrapy.core.scraper] ERROR: Spider must return Request, BaseItem, dict or None, got 'Selector' in <GET http://www.itcast.cn/channel/teacher.shtml>
2019-05-27 18:09:49 [scrapy.core.scraper] ERROR: Spider must return Request, BaseItem, dict or None, got 'Selector' in <GET http://www.itcast.cn/channel/teacher.shtml>
2019-05-27 18:09:49 [scrapy.core.scraper] ERROR: Spider must return Request, BaseItem, dict or None, got 'Selector' in <GET http://www.itcast.cn/channel/teacher.shtml>
2019-05-27 18:09:49 [scrapy.core.scraper] ERROR: Spider must return Request, BaseItem, dict or None, got 'Selector' in <GET http://www.itcast.cn/channel/teacher.shtml>
2019-05-27 18:09:49 [scrapy.core.scraper] ERROR: Spider must return Request, BaseItem, dict or None, got 'Selector' in <GET http://www.itcast.cn/channel/teacher.shtml>
2019-05-27 18:09:49 [scrapy.core.scraper] ERROR: Spider must return Request, BaseItem, dict or None, got 'Selector' in <GET http://www.itcast.cn/channel/teacher.shtml>
2019-05-27 18:09:49 [scrapy.core.scraper] ERROR: Spider must return Request, BaseItem, dict or None, got 'Selector' in <GET http://www.itcast.cn/channel/teacher.shtml>
2019-05-27 18:09:49 [scrapy.core.scraper] ERROR: Spider must return Request, BaseItem, dict or None, got 'Selector' in <GET http://www.itcast.cn/channel/teacher.shtml>
2019-05-27 18:09:49 [scrapy.core.scraper] ERROR: Spider must return Request, BaseItem, dict or None, got 'Selector' in <GET http://www.itcast.cn/channel/teacher.shtml>
2019-05-27 18:09:49 [scrapy.core.scraper] ERROR: Spider must return Request, BaseItem, dict or None, got 'Selector' in <GET http://www.itcast.cn/channel/teacher.shtml>
2019-05-27 18:09:49 [scrapy.core.scraper] ERROR: Spider must return Request, BaseItem, dict or None, got 'Selector' in <GET http://www.itcast.cn/channel/teacher.shtml>
2019-05-27 18:09:49 [scrapy.core.scraper] ERROR: Spider must return Request, BaseItem, dict or None, got 'Selector' in <GET http://www.itcast.cn/channel/teacher.shtml>
2019-05-27 18:09:49 [scrapy.core.scraper] ERROR: Spider must return Request, BaseItem, dict or None, got 'Selector' in <GET http://www.itcast.cn/channel/teacher.shtml>
2019-05-27 18:09:49 [scrapy.core.scraper] ERROR: Spider must return Request, BaseItem, dict or None, got 'Selector' in <GET http://www.itcast.cn/channel/teacher.shtml>
2019-05-27 18:09:49 [scrapy.core.scraper] ERROR: Spider must return Request, BaseItem, dict or None, got 'Selector' in <GET http://www.itcast.cn/channel/teacher.shtml>
2019-05-27 18:09:49 [scrapy.core.scraper] ERROR: Spider must return Request, BaseItem, dict or None, got 'Selector' in <GET http://www.itcast.cn/channel/teacher.shtml>
2019-05-27 18:09:49 [scrapy.core.scraper] ERROR: Spider must return Request, BaseItem, dict or None, got 'Selector' in <GET http://www.itcast.cn/channel/teacher.shtml>
2019-05-27 18:09:49 [scrapy.core.scraper] ERROR: Spider must return Request, BaseItem, dict or None, got 'Selector' in <GET http://www.itcast.cn/channel/teacher.shtml>
2019-05-27 18:09:49 [scrapy.core.scraper] ERROR: Spider must return Request, BaseItem, dict or None, got 'Selector' in <GET http://www.itcast.cn/channel/teacher.shtml>
2019-05-27 18:09:49 [scrapy.core.scraper] ERROR: Spider must return Request, BaseItem, dict or None, got 'Selector' in <GET http://www.itcast.cn/channel/teacher.shtml>
2019-05-27 18:09:49 [scrapy.core.scraper] ERROR: Spider must return Request, BaseItem, dict or None, got 'Selector' in <GET http://www.itcast.cn/channel/teacher.shtml>
2019-05-27 18:09:49 [scrapy.core.scraper] ERROR: Spider must return Request, BaseItem, dict or None, got 'Selector' in <GET http://www.itcast.cn/channel/teacher.shtml>
2019-05-27 18:09:49 [scrapy.core.scraper] ERROR: Spider must return Request, BaseItem, dict or None, got 'Selector' in <GET http://www.itcast.cn/channel/teacher.shtml>
2019-05-27 18:09:49 [scrapy.core.scraper] ERROR: Spider must return Request, BaseItem, dict or None, got 'Selector' in <GET http://www.itcast.cn/channel/teacher.shtml>
2019-05-27 18:09:49 [scrapy.core.scraper] ERROR: Spider must return Request, BaseItem, dict or None, got 'Selector' in <GET http://www.itcast.cn/channel/teacher.shtml>
2019-05-27 18:09:49 [scrapy.core.scraper] ERROR: Spider must return Request, BaseItem, dict or None, got 'Selector' in <GET http://www.itcast.cn/channel/teacher.shtml>
2019-05-27 18:09:49 [scrapy.core.scraper] ERROR: Spider must return Request, BaseItem, dict or None, got 'Selector' in <GET http://www.itcast.cn/channel/teacher.shtml>
2019-05-27 18:09:49 [scrapy.core.scraper] ERROR: Spider must return Request, BaseItem, dict or None, got 'Selector' in <GET http://www.itcast.cn/channel/teacher.shtml>
2019-05-27 18:09:49 [scrapy.core.scraper] ERROR: Spider must return Request, BaseItem, dict or None, got 'Selector' in <GET http://www.itcast.cn/channel/teacher.shtml>
2019-05-27 18:09:49 [scrapy.core.scraper] ERROR: Spider must return Request, BaseItem, dict or None, got 'Selector' in <GET http://www.itcast.cn/channel/teacher.shtml>
2019-05-27 18:09:49 [scrapy.core.scraper] ERROR: Spider must return Request, BaseItem, dict or None, got 'Selector' in <GET http://www.itcast.cn/channel/teacher.shtml>
2019-05-27 18:09:49 [scrapy.core.scraper] ERROR: Spider must return Request, BaseItem, dict or None, got 'Selector' in <GET http://www.itcast.cn/channel/teacher.shtml>
2019-05-27 18:09:49 [scrapy.core.scraper] ERROR: Spider must return Request, BaseItem, dict or None, got 'Selector' in <GET http://www.itcast.cn/channel/teacher.shtml>
2019-05-27 18:09:49 [scrapy.core.scraper] ERROR: Spider must return Request, BaseItem, dict or None, got 'Selector' in <GET http://www.itcast.cn/channel/teacher.shtml>
2019-05-27 18:09:49 [scrapy.core.scraper] ERROR: Spider must return Request, BaseItem, dict or None, got 'Selector' in <GET http://www.itcast.cn/channel/teacher.shtml>
2019-05-27 18:09:49 [scrapy.core.scraper] ERROR: Spider must return Request, BaseItem, dict or None, got 'Selector' in <GET http://www.itcast.cn/channel/teacher.shtml>
2019-05-27 18:09:49 [scrapy.core.scraper] ERROR: Spider must return Request, BaseItem, dict or None, got 'Selector' in <GET http://www.itcast.cn/channel/teacher.shtml>
2019-05-27 18:09:49 [scrapy.core.scraper] ERROR: Spider must return Request, BaseItem, dict or None, got 'Selector' in <GET http://www.itcast.cn/channel/teacher.shtml>
2019-05-27 18:09:49 [scrapy.core.scraper] ERROR: Spider must return Request, BaseItem, dict or None, got 'Selector' in <GET http://www.itcast.cn/channel/teacher.shtml>
2019-05-27 18:09:49 [scrapy.core.scraper] ERROR: Spider must return Request, BaseItem, dict or None, got 'Selector' in <GET http://www.itcast.cn/channel/teacher.shtml>
2019-05-27 18:09:49 [scrapy.core.scraper] ERROR: Spider must return Request, BaseItem, dict or None, got 'Selector' in <GET http://www.itcast.cn/channel/teacher.shtml>
2019-05-27 18:09:49 [scrapy.core.scraper] ERROR: Spider must return Request, BaseItem, dict or None, got 'Selector' in <GET http://www.itcast.cn/channel/teacher.shtml>
2019-05-27 18:09:49 [scrapy.core.scraper] ERROR: Spider must return Request, BaseItem, dict or None, got 'Selector' in <GET http://www.itcast.cn/channel/teacher.shtml>
2019-05-27 18:09:49 [scrapy.core.scraper] ERROR: Spider must return Request, BaseItem, dict or None, got 'Selector' in <GET http://www.itcast.cn/channel/teacher.shtml>
2019-05-27 18:09:49 [scrapy.core.scraper] ERROR: Spider must return Request, BaseItem, dict or None, got 'Selector' in <GET http://www.itcast.cn/channel/teacher.shtml>
2019-05-27 18:09:49 [scrapy.core.scraper] ERROR: Spider must return Request, BaseItem, dict or None, got 'Selector' in <GET http://www.itcast.cn/channel/teacher.shtml>
2019-05-27 18:09:49 [scrapy.core.scraper] ERROR: Spider must return Request, BaseItem, dict or None, got 'Selector' in <GET http://www.itcast.cn/channel/teacher.shtml>
2019-05-27 18:09:49 [scrapy.core.scraper] ERROR: Spider must return Request, BaseItem, dict or None, got 'Selector' in <GET http://www.itcast.cn/channel/teacher.shtml>
2019-05-27 18:09:49 [scrapy.core.scraper] ERROR: Spider must return Request, BaseItem, dict or None, got 'Selector' in <GET http://www.itcast.cn/channel/teacher.shtml>
2019-05-27 18:09:49 [scrapy.core.scraper] ERROR: Spider must return Request, BaseItem, dict or None, got 'Selector' in <GET http://www.itcast.cn/channel/teacher.shtml>
2019-05-27 18:09:49 [scrapy.core.scraper] ERROR: Spider must return Request, BaseItem, dict or None, got 'Selector' in <GET http://www.itcast.cn/channel/teacher.shtml>
2019-05-27 18:09:49 [scrapy.core.scraper] ERROR: Spider must return Request, BaseItem, dict or None, got 'Selector' in <GET http://www.itcast.cn/channel/teacher.shtml>
2019-05-27 18:09:49 [scrapy.core.scraper] ERROR: Spider must return Request, BaseItem, dict or None, got 'Selector' in <GET http://www.itcast.cn/channel/teacher.shtml>
2019-05-27 18:09:49 [scrapy.core.scraper] ERROR: Spider must return Request, BaseItem, dict or None, got 'Selector' in <GET http://www.itcast.cn/channel/teacher.shtml>
2019-05-27 18:09:49 [scrapy.core.scraper] ERROR: Spider must return Request, BaseItem, dict or None, got 'Selector' in <GET http://www.itcast.cn/channel/teacher.shtml>
2019-05-27 18:09:49 [scrapy.core.scraper] ERROR: Spider must return Request, BaseItem, dict or None, got 'Selector' in <GET http://www.itcast.cn/channel/teacher.shtml>
2019-05-27 18:09:49 [scrapy.core.scraper] ERROR: Spider must return Request, BaseItem, dict or None, got 'Selector' in <GET http://www.itcast.cn/channel/teacher.shtml>
2019-05-27 18:09:49 [scrapy.core.scraper] ERROR: Spider must return Request, BaseItem, dict or None, got 'Selector' in <GET http://www.itcast.cn/channel/teacher.shtml>
2019-05-27 18:09:49 [scrapy.core.scraper] ERROR: Spider must return Request, BaseItem, dict or None, got 'Selector' in <GET http://www.itcast.cn/channel/teacher.shtml>
2019-05-27 18:09:49 [scrapy.core.scraper] ERROR: Spider must return Request, BaseItem, dict or None, got 'Selector' in <GET http://www.itcast.cn/channel/teacher.shtml>
2019-05-27 18:09:49 [scrapy.core.scraper] ERROR: Spider must return Request, BaseItem, dict or None, got 'Selector' in <GET http://www.itcast.cn/channel/teacher.shtml>
2019-05-27 18:09:49 [scrapy.core.scraper] ERROR: Spider must return Request, BaseItem, dict or None, got 'Selector' in <GET http://www.itcast.cn/channel/teacher.shtml>
2019-05-27 18:09:49 [scrapy.core.scraper] ERROR: Spider must return Request, BaseItem, dict or None, got 'Selector' in <GET http://www.itcast.cn/channel/teacher.shtml>
2019-05-27 18:09:49 [scrapy.core.scraper] ERROR: Spider must return Request, BaseItem, dict or None, got 'Selector' in <GET http://www.itcast.cn/channel/teacher.shtml>
2019-05-27 18:09:49 [scrapy.core.scraper] ERROR: Spider must return Request, BaseItem, dict or None, got 'Selector' in <GET http://www.itcast.cn/channel/teacher.shtml>
2019-05-27 18:09:49 [scrapy.core.scraper] ERROR: Spider must return Request, BaseItem, dict or None, got 'Selector' in <GET http://www.itcast.cn/channel/teacher.shtml>
2019-05-27 18:09:49 [scrapy.core.scraper] ERROR: Spider must return Request, BaseItem, dict or None, got 'Selector' in <GET http://www.itcast.cn/channel/teacher.shtml>
2019-05-27 18:09:49 [scrapy.core.scraper] ERROR: Spider must return Request, BaseItem, dict or None, got 'Selector' in <GET http://www.itcast.cn/channel/teacher.shtml>
2019-05-27 18:09:49 [scrapy.core.scraper] ERROR: Spider must return Request, BaseItem, dict or None, got 'Selector' in <GET http://www.itcast.cn/channel/teacher.shtml>
2019-05-27 18:09:49 [scrapy.core.scraper] ERROR: Spider must return Request, BaseItem, dict or None, got 'Selector' in <GET http://www.itcast.cn/channel/teacher.shtml>
2019-05-27 18:09:49 [scrapy.core.scraper] ERROR: Spider must return Request, BaseItem, dict or None, got 'Selector' in <GET http://www.itcast.cn/channel/teacher.shtml>
2019-05-27 18:09:49 [scrapy.core.scraper] ERROR: Spider must return Request, BaseItem, dict or None, got 'Selector' in <GET http://www.itcast.cn/channel/teacher.shtml>
2019-05-27 18:09:49 [scrapy.core.scraper] ERROR: Spider must return Request, BaseItem, dict or None, got 'Selector' in <GET http://www.itcast.cn/channel/teacher.shtml>
2019-05-27 18:09:49 [scrapy.core.scraper] ERROR: Spider must return Request, BaseItem, dict or None, got 'Selector' in <GET http://www.itcast.cn/channel/teacher.shtml>
2019-05-27 18:09:49 [scrapy.core.scraper] ERROR: Spider must return Request, BaseItem, dict or None, got 'Selector' in <GET http://www.itcast.cn/channel/teacher.shtml>
2019-05-27 18:09:49 [scrapy.core.scraper] ERROR: Spider must return Request, BaseItem, dict or None, got 'Selector' in <GET http://www.itcast.cn/channel/teacher.shtml>
2019-05-27 18:09:49 [scrapy.core.scraper] ERROR: Spider must return Request, BaseItem, dict or None, got 'Selector' in <GET http://www.itcast.cn/channel/teacher.shtml>
2019-05-27 18:09:49 [scrapy.core.scraper] ERROR: Spider must return Request, BaseItem, dict or None, got 'Selector' in <GET http://www.itcast.cn/channel/teacher.shtml>
2019-05-27 18:09:49 [scrapy.core.scraper] ERROR: Spider must return Request, BaseItem, dict or None, got 'Selector' in <GET http://www.itcast.cn/channel/teacher.shtml>
2019-05-27 18:09:49 [scrapy.core.scraper] ERROR: Spider must return Request, BaseItem, dict or None, got 'Selector' in <GET http://www.itcast.cn/channel/teacher.shtml>
2019-05-27 18:09:49 [scrapy.core.scraper] ERROR: Spider must return Request, BaseItem, dict or None, got 'Selector' in <GET http://www.itcast.cn/channel/teacher.shtml>
2019-05-27 18:09:49 [scrapy.core.scraper] ERROR: Spider must return Request, BaseItem, dict or None, got 'Selector' in <GET http://www.itcast.cn/channel/teacher.shtml>
2019-05-27 18:09:49 [scrapy.core.scraper] ERROR: Spider must return Request, BaseItem, dict or None, got 'Selector' in <GET http://www.itcast.cn/channel/teacher.shtml>
2019-05-27 18:09:49 [scrapy.core.scraper] ERROR: Spider must return Request, BaseItem, dict or None, got 'Selector' in <GET http://www.itcast.cn/channel/teacher.shtml>
2019-05-27 18:09:49 [scrapy.core.scraper] ERROR: Spider must return Request, BaseItem, dict or None, got 'Selector' in <GET http://www.itcast.cn/channel/teacher.shtml>
2019-05-27 18:09:49 [scrapy.core.scraper] ERROR: Spider must return Request, BaseItem, dict or None, got 'Selector' in <GET http://www.itcast.cn/channel/teacher.shtml>
2019-05-27 18:09:49 [scrapy.core.scraper] ERROR: Spider must return Request, BaseItem, dict or None, got 'Selector' in <GET http://www.itcast.cn/channel/teacher.shtml>
2019-05-27 18:09:49 [scrapy.core.scraper] ERROR: Spider must return Request, BaseItem, dict or None, got 'Selector' in <GET http://www.itcast.cn/channel/teacher.shtml>
2019-05-27 18:09:49 [scrapy.core.scraper] ERROR: Spider must return Request, BaseItem, dict or None, got 'Selector' in <GET http://www.itcast.cn/channel/teacher.shtml>
2019-05-27 18:09:49 [scrapy.core.scraper] ERROR: Spider must return Request, BaseItem, dict or None, got 'Selector' in <GET http://www.itcast.cn/channel/teacher.shtml>
2019-05-27 18:09:49 [scrapy.core.scraper] ERROR: Spider must return Request, BaseItem, dict or None, got 'Selector' in <GET http://www.itcast.cn/channel/teacher.shtml>
2019-05-27 18:09:49 [scrapy.core.scraper] ERROR: Spider must return Request, BaseItem, dict or None, got 'Selector' in <GET http://www.itcast.cn/channel/teacher.shtml>
2019-05-27 18:09:49 [scrapy.core.scraper] ERROR: Spider must return Request, BaseItem, dict or None, got 'Selector' in <GET http://www.itcast.cn/channel/teacher.shtml>
2019-05-27 18:09:49 [scrapy.core.scraper] ERROR: Spider must return Request, BaseItem, dict or None, got 'Selector' in <GET http://www.itcast.cn/channel/teacher.shtml>
2019-05-27 18:09:49 [scrapy.core.scraper] ERROR: Spider must return Request, BaseItem, dict or None, got 'Selector' in <GET http://www.itcast.cn/channel/teacher.shtml>
2019-05-27 18:09:49 [scrapy.core.scraper] ERROR: Spider must return Request, BaseItem, dict or None, got 'Selector' in <GET http://www.itcast.cn/channel/teacher.shtml>
2019-05-27 18:09:49 [scrapy.core.scraper] ERROR: Spider must return Request, BaseItem, dict or None, got 'Selector' in <GET http://www.itcast.cn/channel/teacher.shtml>
2019-05-27 18:09:49 [scrapy.core.scraper] ERROR: Spider must return Request, BaseItem, dict or None, got 'Selector' in <GET http://www.itcast.cn/channel/teacher.shtml>
2019-05-27 18:09:49 [scrapy.core.scraper] ERROR: Spider must return Request, BaseItem, dict or None, got 'Selector' in <GET http://www.itcast.cn/channel/teacher.shtml>
2019-05-27 18:09:49 [scrapy.core.scraper] ERROR: Spider must return Request, BaseItem, dict or None, got 'Selector' in <GET http://www.itcast.cn/channel/teacher.shtml>
2019-05-27 18:09:49 [scrapy.core.scraper] ERROR: Spider must return Request, BaseItem, dict or None, got 'Selector' in <GET http://www.itcast.cn/channel/teacher.shtml>
2019-05-27 18:09:49 [scrapy.core.scraper] ERROR: Spider must return Request, BaseItem, dict or None, got 'Selector' in <GET http://www.itcast.cn/channel/teacher.shtml>
2019-05-27 18:09:49 [scrapy.core.scraper] ERROR: Spider must return Request, BaseItem, dict or None, got 'Selector' in <GET http://www.itcast.cn/channel/teacher.shtml>
2019-05-27 18:09:49 [scrapy.core.scraper] ERROR: Spider must return Request, BaseItem, dict or None, got 'Selector' in <GET http://www.itcast.cn/channel/teacher.shtml>
2019-05-27 18:09:49 [scrapy.core.scraper] ERROR: Spider must return Request, BaseItem, dict or None, got 'Selector' in <GET http://www.itcast.cn/channel/teacher.shtml>
2019-05-27 18:09:49 [scrapy.core.scraper] ERROR: Spider must return Request, BaseItem, dict or None, got 'Selector' in <GET http://www.itcast.cn/channel/teacher.shtml>
2019-05-27 18:09:49 [scrapy.core.scraper] ERROR: Spider must return Request, BaseItem, dict or None, got 'Selector' in <GET http://www.itcast.cn/channel/teacher.shtml>
2019-05-27 18:09:49 [scrapy.core.scraper] ERROR: Spider must return Request, BaseItem, dict or None, got 'Selector' in <GET http://www.itcast.cn/channel/teacher.shtml>
2019-05-27 18:09:49 [scrapy.core.scraper] ERROR: Spider must return Request, BaseItem, dict or None, got 'Selector' in <GET http://www.itcast.cn/channel/teacher.shtml>
2019-05-27 18:09:49 [scrapy.core.scraper] ERROR: Spider must return Request, BaseItem, dict or None, got 'Selector' in <GET http://www.itcast.cn/channel/teacher.shtml>
2019-05-27 18:09:49 [scrapy.core.scraper] ERROR: Spider must return Request, BaseItem, dict or None, got 'Selector' in <GET http://www.itcast.cn/channel/teacher.shtml>
2019-05-27 18:09:49 [scrapy.core.scraper] ERROR: Spider must return Request, BaseItem, dict or None, got 'Selector' in <GET http://www.itcast.cn/channel/teacher.shtml>
2019-05-27 18:09:49 [scrapy.core.scraper] ERROR: Spider must return Request, BaseItem, dict or None, got 'Selector' in <GET http://www.itcast.cn/channel/teacher.shtml>
2019-05-27 18:09:49 [scrapy.core.scraper] ERROR: Spider must return Request, BaseItem, dict or None, got 'Selector' in <GET http://www.itcast.cn/channel/teacher.shtml>
2019-05-27 18:09:49 [scrapy.core.scraper] ERROR: Spider must return Request, BaseItem, dict or None, got 'Selector' in <GET http://www.itcast.cn/channel/teacher.shtml>
2019-05-27 18:09:49 [scrapy.core.scraper] ERROR: Spider must return Request, BaseItem, dict or None, got 'Selector' in <GET http://www.itcast.cn/channel/teacher.shtml>
2019-05-27 18:09:49 [scrapy.core.scraper] ERROR: Spider must return Request, BaseItem, dict or None, got 'Selector' in <GET http://www.itcast.cn/channel/teacher.shtml>
2019-05-27 18:09:49 [scrapy.core.scraper] ERROR: Spider must return Request, BaseItem, dict or None, got 'Selector' in <GET http://www.itcast.cn/channel/teacher.shtml>
2019-05-27 18:09:49 [scrapy.core.scraper] ERROR: Spider must return Request, BaseItem, dict or None, got 'Selector' in <GET http://www.itcast.cn/channel/teacher.shtml>
2019-05-27 18:09:49 [scrapy.core.scraper] ERROR: Spider must return Request, BaseItem, dict or None, got 'Selector' in <GET http://www.itcast.cn/channel/teacher.shtml>
2019-05-27 18:09:49 [scrapy.core.scraper] ERROR: Spider must return Request, BaseItem, dict or None, got 'Selector' in <GET http://www.itcast.cn/channel/teacher.shtml>
2019-05-27 18:09:49 [scrapy.core.scraper] ERROR: Spider must return Request, BaseItem, dict or None, got 'Selector' in <GET http://www.itcast.cn/channel/teacher.shtml>
2019-05-27 18:09:49 [scrapy.core.scraper] ERROR: Spider must return Request, BaseItem, dict or None, got 'Selector' in <GET http://www.itcast.cn/channel/teacher.shtml>
2019-05-27 18:09:49 [scrapy.core.scraper] ERROR: Spider must return Request, BaseItem, dict or None, got 'Selector' in <GET http://www.itcast.cn/channel/teacher.shtml>
2019-05-27 18:09:49 [scrapy.core.scraper] ERROR: Spider must return Request, BaseItem, dict or None, got 'Selector' in <GET http://www.itcast.cn/channel/teacher.shtml>
2019-05-27 18:09:49 [scrapy.core.scraper] ERROR: Spider must return Request, BaseItem, dict or None, got 'Selector' in <GET http://www.itcast.cn/channel/teacher.shtml>
2019-05-27 18:09:49 [scrapy.core.scraper] ERROR: Spider must return Request, BaseItem, dict or None, got 'Selector' in <GET http://www.itcast.cn/channel/teacher.shtml>
2019-05-27 18:09:49 [scrapy.core.scraper] ERROR: Spider must return Request, BaseItem, dict or None, got 'Selector' in <GET http://www.itcast.cn/channel/teacher.shtml>
2019-05-27 18:12:12 [py.warnings] WARNING: d:\code\python3\lib\site-packages\scrapy\spidermiddlewares\offsite.py:61: URLWarning: allowed_domains accepts only domains, not URLs. Ignoring URL entry http://222.90.83.241 in allowed_domains.
  warnings.warn(message, URLWarning)

2019-05-27 18:12:12 [scrapy.core.scraper] ERROR: Spider error processing <GET http://222.90.83.241/List.aspx?cid=87> (referer: None)
Traceback (most recent call last):
  File "d:\code\python3\lib\site-packages\scrapy\utils\defer.py", line 102, in iter_errback
    yield next(it)
  File "d:\code\python3\lib\site-packages\scrapy\spidermiddlewares\offsite.py", line 29, in process_spider_output
    for x in result:
  File "d:\code\python3\lib\site-packages\scrapy\spidermiddlewares\referer.py", line 339, in <genexpr>
    return (_set_referer(r) for r in result or ())
  File "d:\code\python3\lib\site-packages\scrapy\spidermiddlewares\urllength.py", line 37, in <genexpr>
    return (r for r in result or () if _filter(r))
  File "d:\code\python3\lib\site-packages\scrapy\spidermiddlewares\depth.py", line 58, in <genexpr>
    return (r for r in result or () if _filter(r))
  File "D:\Code\workspace\Pyspace\diandianCrawling\crawling\crawling\spiders\sxnynctSpider.py", line 17, in parse
    item["nextUrl"] = li.extract_first()
AttributeError: 'Selector' object has no attribute 'extract_first'
2019-05-27 18:22:48 [py.warnings] WARNING: d:\code\python3\lib\site-packages\scrapy\spidermiddlewares\offsite.py:61: URLWarning: allowed_domains accepts only domains, not URLs. Ignoring URL entry http://222.90.83.241 in allowed_domains.
  warnings.warn(message, URLWarning)

2019-05-27 18:23:09 [py.warnings] WARNING: d:\code\python3\lib\site-packages\scrapy\spidermiddlewares\offsite.py:61: URLWarning: allowed_domains accepts only domains, not URLs. Ignoring URL entry http://222.90.83.241 in allowed_domains.
  warnings.warn(message, URLWarning)

2019-05-27 18:23:09 [scrapy.core.scraper] ERROR: Spider error processing <GET http://222.90.83.241/List.aspx?cid=87> (referer: None)
Traceback (most recent call last):
  File "d:\code\python3\lib\site-packages\scrapy\utils\defer.py", line 102, in iter_errback
    yield next(it)
  File "d:\code\python3\lib\site-packages\scrapy\spidermiddlewares\offsite.py", line 29, in process_spider_output
    for x in result:
  File "d:\code\python3\lib\site-packages\scrapy\spidermiddlewares\referer.py", line 339, in <genexpr>
    return (_set_referer(r) for r in result or ())
  File "d:\code\python3\lib\site-packages\scrapy\spidermiddlewares\urllength.py", line 37, in <genexpr>
    return (r for r in result or () if _filter(r))
  File "d:\code\python3\lib\site-packages\scrapy\spidermiddlewares\depth.py", line 58, in <genexpr>
    return (r for r in result or () if _filter(r))
  File "D:\Code\workspace\Pyspace\diandianCrawling\crawling\crawling\spiders\sxnynctSpider.py", line 17, in parse
    item["url"] = li.extract_first()
AttributeError: 'Selector' object has no attribute 'extract_first'
2019-05-27 18:23:22 [py.warnings] WARNING: d:\code\python3\lib\site-packages\scrapy\spidermiddlewares\offsite.py:61: URLWarning: allowed_domains accepts only domains, not URLs. Ignoring URL entry http://222.90.83.241 in allowed_domains.
  warnings.warn(message, URLWarning)

2019-05-27 18:23:23 [scrapy.core.scraper] ERROR: Spider error processing <GET http://222.90.83.241/List.aspx?cid=87> (referer: None)
Traceback (most recent call last):
  File "d:\code\python3\lib\site-packages\parsel\selector.py", line 238, in xpath
    **kwargs)
  File "src\lxml\etree.pyx", line 1586, in lxml.etree._Element.xpath
  File "src\lxml\xpath.pxi", line 307, in lxml.etree.XPathElementEvaluator.__call__
  File "src\lxml\xpath.pxi", line 227, in lxml.etree._XPathEvaluatorBase._handle_result
lxml.etree.XPathEvalError: Invalid expression

During handling of the above exception, another exception occurred:

Traceback (most recent call last):
  File "d:\code\python3\lib\site-packages\scrapy\utils\defer.py", line 102, in iter_errback
    yield next(it)
  File "d:\code\python3\lib\site-packages\scrapy\spidermiddlewares\offsite.py", line 29, in process_spider_output
    for x in result:
  File "d:\code\python3\lib\site-packages\scrapy\spidermiddlewares\referer.py", line 339, in <genexpr>
    return (_set_referer(r) for r in result or ())
  File "d:\code\python3\lib\site-packages\scrapy\spidermiddlewares\urllength.py", line 37, in <genexpr>
    return (r for r in result or () if _filter(r))
  File "d:\code\python3\lib\site-packages\scrapy\spidermiddlewares\depth.py", line 58, in <genexpr>
    return (r for r in result or () if _filter(r))
  File "D:\Code\workspace\Pyspace\diandianCrawling\crawling\crawling\spiders\sxnynctSpider.py", line 19, in parse
    item["pub_time"] = li.xpath("//ul/li//span[@class="r"]").extract_first()
  File "d:\code\python3\lib\site-packages\parsel\selector.py", line 242, in xpath
    six.reraise(ValueError, ValueError(msg), sys.exc_info()[2])
  File "d:\code\python3\lib\site-packages\six.py", line 692, in reraise
    raise value.with_traceback(tb)
  File "d:\code\python3\lib\site-packages\parsel\selector.py", line 238, in xpath
    **kwargs)
  File "src\lxml\etree.pyx", line 1586, in lxml.etree._Element.xpath
  File "src\lxml\xpath.pxi", line 307, in lxml.etree.XPathElementEvaluator.__call__
  File "src\lxml\xpath.pxi", line 227, in lxml.etree._XPathEvaluatorBase._handle_result
ValueError: XPath error: Invalid expression in //ul/li//span[@class=]
2019-05-27 18:23:44 [py.warnings] WARNING: d:\code\python3\lib\site-packages\scrapy\spidermiddlewares\offsite.py:61: URLWarning: allowed_domains accepts only domains, not URLs. Ignoring URL entry http://222.90.83.241 in allowed_domains.
  warnings.warn(message, URLWarning)

2019-05-27 18:24:05 [py.warnings] WARNING: d:\code\python3\lib\site-packages\scrapy\spidermiddlewares\offsite.py:61: URLWarning: allowed_domains accepts only domains, not URLs. Ignoring URL entry http://222.90.83.241 in allowed_domains.
  warnings.warn(message, URLWarning)

2019-05-27 18:25:50 [py.warnings] WARNING: d:\code\python3\lib\site-packages\scrapy\spidermiddlewares\offsite.py:61: URLWarning: allowed_domains accepts only domains, not URLs. Ignoring URL entry http://222.90.83.241 in allowed_domains.
  warnings.warn(message, URLWarning)

2019-05-27 18:25:50 [scrapy.core.scraper] ERROR: Spider error processing <GET http://222.90.83.241/List.aspx?cid=87> (referer: None)
Traceback (most recent call last):
  File "d:\code\python3\lib\site-packages\parsel\selector.py", line 238, in xpath
    **kwargs)
  File "src\lxml\etree.pyx", line 1586, in lxml.etree._Element.xpath
  File "src\lxml\xpath.pxi", line 307, in lxml.etree.XPathElementEvaluator.__call__
  File "src\lxml\xpath.pxi", line 227, in lxml.etree._XPathEvaluatorBase._handle_result
lxml.etree.XPathEvalError: Invalid expression

During handling of the above exception, another exception occurred:

Traceback (most recent call last):
  File "d:\code\python3\lib\site-packages\scrapy\utils\defer.py", line 102, in iter_errback
    yield next(it)
  File "d:\code\python3\lib\site-packages\scrapy\spidermiddlewares\offsite.py", line 29, in process_spider_output
    for x in result:
  File "d:\code\python3\lib\site-packages\scrapy\spidermiddlewares\referer.py", line 339, in <genexpr>
    return (_set_referer(r) for r in result or ())
  File "d:\code\python3\lib\site-packages\scrapy\spidermiddlewares\urllength.py", line 37, in <genexpr>
    return (r for r in result or () if _filter(r))
  File "d:\code\python3\lib\site-packages\scrapy\spidermiddlewares\depth.py", line 58, in <genexpr>
    return (r for r in result or () if _filter(r))
  File "D:\Code\workspace\Pyspace\diandianCrawling\crawling\crawling\spiders\sxnynctSpider.py", line 19, in parse
    item["pub_time"] = li.xpath(".//span[@class="r"]").extract_first()
  File "d:\code\python3\lib\site-packages\parsel\selector.py", line 242, in xpath
    six.reraise(ValueError, ValueError(msg), sys.exc_info()[2])
  File "d:\code\python3\lib\site-packages\six.py", line 692, in reraise
    raise value.with_traceback(tb)
  File "d:\code\python3\lib\site-packages\parsel\selector.py", line 238, in xpath
    **kwargs)
  File "src\lxml\etree.pyx", line 1586, in lxml.etree._Element.xpath
  File "src\lxml\xpath.pxi", line 307, in lxml.etree.XPathElementEvaluator.__call__
  File "src\lxml\xpath.pxi", line 227, in lxml.etree._XPathEvaluatorBase._handle_result
ValueError: XPath error: Invalid expression in .//span[@class=]
2019-05-27 18:26:14 [py.warnings] WARNING: d:\code\python3\lib\site-packages\scrapy\spidermiddlewares\offsite.py:61: URLWarning: allowed_domains accepts only domains, not URLs. Ignoring URL entry http://222.90.83.241 in allowed_domains.
  warnings.warn(message, URLWarning)

2019-05-27 18:26:22 [py.warnings] WARNING: d:\code\python3\lib\site-packages\scrapy\spidermiddlewares\offsite.py:61: URLWarning: allowed_domains accepts only domains, not URLs. Ignoring URL entry http://222.90.83.241 in allowed_domains.
  warnings.warn(message, URLWarning)

2019-05-27 18:27:15 [py.warnings] WARNING: d:\code\python3\lib\site-packages\scrapy\spidermiddlewares\offsite.py:61: URLWarning: allowed_domains accepts only domains, not URLs. Ignoring URL entry http://222.90.83.241 in allowed_domains.
  warnings.warn(message, URLWarning)

2019-05-27 18:27:38 [py.warnings] WARNING: d:\code\python3\lib\site-packages\scrapy\spidermiddlewares\offsite.py:61: URLWarning: allowed_domains accepts only domains, not URLs. Ignoring URL entry http://222.90.83.241 in allowed_domains.
  warnings.warn(message, URLWarning)

2019-05-27 18:27:57 [py.warnings] WARNING: d:\code\python3\lib\site-packages\scrapy\spidermiddlewares\offsite.py:61: URLWarning: allowed_domains accepts only domains, not URLs. Ignoring URL entry http://222.90.83.241 in allowed_domains.
  warnings.warn(message, URLWarning)

2019-05-27 18:27:57 [scrapy.core.scraper] ERROR: Spider error processing <GET http://222.90.83.241/List.aspx?cid=87> (referer: None)
Traceback (most recent call last):
  File "d:\code\python3\lib\site-packages\parsel\selector.py", line 238, in xpath
    **kwargs)
  File "src\lxml\etree.pyx", line 1586, in lxml.etree._Element.xpath
  File "src\lxml\xpath.pxi", line 307, in lxml.etree.XPathElementEvaluator.__call__
  File "src\lxml\xpath.pxi", line 227, in lxml.etree._XPathEvaluatorBase._handle_result
lxml.etree.XPathEvalError: Invalid expression

During handling of the above exception, another exception occurred:

Traceback (most recent call last):
  File "d:\code\python3\lib\site-packages\scrapy\utils\defer.py", line 102, in iter_errback
    yield next(it)
  File "d:\code\python3\lib\site-packages\scrapy\spidermiddlewares\offsite.py", line 29, in process_spider_output
    for x in result:
  File "d:\code\python3\lib\site-packages\scrapy\spidermiddlewares\referer.py", line 339, in <genexpr>
    return (_set_referer(r) for r in result or ())
  File "d:\code\python3\lib\site-packages\scrapy\spidermiddlewares\urllength.py", line 37, in <genexpr>
    return (r for r in result or () if _filter(r))
  File "d:\code\python3\lib\site-packages\scrapy\spidermiddlewares\depth.py", line 58, in <genexpr>
    return (r for r in result or () if _filter(r))
  File "D:\Code\workspace\Pyspace\diandianCrawling\crawling\crawling\spiders\sxnynctSpider.py", line 19, in parse
    item["pub_time"] = li.xpath(".//span[@class="r"]").extract_first()
  File "d:\code\python3\lib\site-packages\parsel\selector.py", line 242, in xpath
    six.reraise(ValueError, ValueError(msg), sys.exc_info()[2])
  File "d:\code\python3\lib\site-packages\six.py", line 692, in reraise
    raise value.with_traceback(tb)
  File "d:\code\python3\lib\site-packages\parsel\selector.py", line 238, in xpath
    **kwargs)
  File "src\lxml\etree.pyx", line 1586, in lxml.etree._Element.xpath
  File "src\lxml\xpath.pxi", line 307, in lxml.etree.XPathElementEvaluator.__call__
  File "src\lxml\xpath.pxi", line 227, in lxml.etree._XPathEvaluatorBase._handle_result
ValueError: XPath error: Invalid expression in .//span[@class=]
2019-05-27 18:28:28 [py.warnings] WARNING: d:\code\python3\lib\site-packages\scrapy\spidermiddlewares\offsite.py:61: URLWarning: allowed_domains accepts only domains, not URLs. Ignoring URL entry http://222.90.83.241 in allowed_domains.
  warnings.warn(message, URLWarning)

2019-05-27 18:28:50 [py.warnings] WARNING: d:\code\python3\lib\site-packages\scrapy\spidermiddlewares\offsite.py:61: URLWarning: allowed_domains accepts only domains, not URLs. Ignoring URL entry http://222.90.83.241 in allowed_domains.
  warnings.warn(message, URLWarning)

2019-05-27 18:29:12 [py.warnings] WARNING: d:\code\python3\lib\site-packages\scrapy\spidermiddlewares\offsite.py:61: URLWarning: allowed_domains accepts only domains, not URLs. Ignoring URL entry http://222.90.83.241 in allowed_domains.
  warnings.warn(message, URLWarning)

2019-05-27 18:34:17 [py.warnings] WARNING: d:\code\python3\lib\site-packages\scrapy\spidermiddlewares\offsite.py:61: URLWarning: allowed_domains accepts only domains, not URLs. Ignoring URL entry http://222.90.83.241 in allowed_domains.
  warnings.warn(message, URLWarning)

2019-05-27 18:35:04 [py.warnings] WARNING: d:\code\python3\lib\site-packages\scrapy\spidermiddlewares\offsite.py:61: URLWarning: allowed_domains accepts only domains, not URLs. Ignoring URL entry http://222.90.83.241 in allowed_domains.
  warnings.warn(message, URLWarning)

2019-05-27 18:35:48 [py.warnings] WARNING: d:\code\python3\lib\site-packages\scrapy\spidermiddlewares\offsite.py:61: URLWarning: allowed_domains accepts only domains, not URLs. Ignoring URL entry http://222.90.83.241 in allowed_domains.
  warnings.warn(message, URLWarning)

2019-05-27 18:36:03 [py.warnings] WARNING: d:\code\python3\lib\site-packages\scrapy\spidermiddlewares\offsite.py:61: URLWarning: allowed_domains accepts only domains, not URLs. Ignoring URL entry http://222.90.83.241 in allowed_domains.
  warnings.warn(message, URLWarning)

2019-05-27 18:40:23 [py.warnings] WARNING: d:\code\python3\lib\site-packages\scrapy\spidermiddlewares\offsite.py:61: URLWarning: allowed_domains accepts only domains, not URLs. Ignoring URL entry http://222.90.83.241 in allowed_domains.
  warnings.warn(message, URLWarning)

2019-05-27 18:42:37 [py.warnings] WARNING: d:\code\python3\lib\site-packages\scrapy\spidermiddlewares\offsite.py:61: URLWarning: allowed_domains accepts only domains, not URLs. Ignoring URL entry http://222.90.83.241 in allowed_domains.
  warnings.warn(message, URLWarning)

2019-05-27 18:42:55 [py.warnings] WARNING: d:\code\python3\lib\site-packages\scrapy\spidermiddlewares\offsite.py:61: URLWarning: allowed_domains accepts only domains, not URLs. Ignoring URL entry http://222.90.83.241 in allowed_domains.
  warnings.warn(message, URLWarning)

2019-05-27 18:45:34 [py.warnings] WARNING: d:\code\python3\lib\site-packages\scrapy\spidermiddlewares\offsite.py:61: URLWarning: allowed_domains accepts only domains, not URLs. Ignoring URL entry http://222.90.83.241 in allowed_domains.
  warnings.warn(message, URLWarning)

